03:29:01.336 [main                     ] DEBUG Logger               - Configured Logger
03:29:01.351 [main                     ] DEBUG GameApplication      - Logging settings
Title: RainDrop Game
Version: 1.0
Width: 800
Height: 600
Fullscreen: false
Intro: false
Profiling: false
Single step:false
App Mode: DEVELOPER
Menu Key: ESCAPE
Stage Style: DECORATED
Scene Factory: class com.almasb.fxgl.app.scene.SceneFactory

03:29:02.155 [JavaFX Application Thread] DEBUG FXGLApplication      - Initializing FXGL
03:29:02.162 [JavaFX Application Thread] INFO  Engine               - FXGL-17.2 (20.08.2022 16.50) on WINDOWS (J:25.0.1 FX:17.0.9)
03:29:02.162 [JavaFX Application Thread] DEBUG Engine               - JRE Vendor Name: Oracle Corporation
03:29:02.162 [JavaFX Application Thread] DEBUG Engine               - Running on OS: Windows 11 version 10.0
03:29:02.162 [JavaFX Application Thread] DEBUG Engine               - Architecture: amd64
03:29:02.163 [JavaFX Application Thread] INFO  Engine               - Source code and latest versions at: https://github.com/AlmasB/FXGL
03:29:02.163 [JavaFX Application Thread] INFO  Engine               -       Ask questions and discuss at: https://github.com/AlmasB/FXGL/discussions
03:29:02.163 [JavaFX Application Thread] INFO  Engine               -              Join the FXGL chat at: https://gitter.im/AlmasB/FXGL
03:29:02.411 [JavaFX Application Thread] DEBUG PrimaryStageWindow   - Creating a JavaFX scene
03:29:02.515 [JavaFX Application Thread] DEBUG PrimaryStageWindow   - Target settings size: 800.0 x 600.0
03:29:02.516 [JavaFX Application Thread] DEBUG PrimaryStageWindow   - Scaled scene size:    800.0 x 600.0
03:29:02.516 [JavaFX Application Thread] DEBUG PrimaryStageWindow   - Scaled ratio: (1.0, 1.0)
03:29:02.517 [JavaFX Application Thread] DEBUG PrimaryStageWindow   - Set initial scene to FXGLStartupScene
03:29:02.535 [JavaFX Application Thread] DEBUG PrimaryStageWindow   - Opening main window
03:29:02.746 [JavaFX Application Thread] DEBUG PrimaryStageWindow   - Window border size: (14.66668701171875, 37.33331298828125)
03:29:02.747 [JavaFX Application Thread] DEBUG PrimaryStageWindow   - Scaled size: 800.0 x 600.0
03:29:02.747 [JavaFX Application Thread] DEBUG PrimaryStageWindow   - Scaled ratio: (1.0, 1.0)
03:29:02.748 [JavaFX Application Thread] DEBUG PrimaryStageWindow   - Scene size: 800.0 x 600.0
03:29:02.748 [JavaFX Application Thread] DEBUG PrimaryStageWindow   - Stage size: 814.6666870117188 x 637.3333129882812
03:29:02.765 [FXGL Background Thread 1 ] DEBUG Engine               - Initializing environment variables
03:29:02.876 [FXGL Background Thread 1 ] DEBUG FXGLAssetLoaderServi - User app class for loading assets: class raindrop.game.RainDrop
03:29:02.876 [FXGL Background Thread 1 ] DEBUG GameApplicationServi - Applying CSS: fxgl_dark.css
03:29:02.878 [FXGL Background Thread 1 ] DEBUG FXGLAssetLoaderServi - Loading from file system: jar:file:/C:/Users/ASUS/.m2/repository/com/github/almasb/fxgl/17.2/fxgl-17.2.jar!/fxglassets/ui/css/fxgl_dark.css
03:29:02.959 [FXGL Background Thread 1 ] DEBUG GameApplicationServi - Initializing application scenes
03:29:03.036 [FXGL Background Thread 1 ] DEBUG GameWorld            - Game world initialized
03:29:03.138 [FXGL Background Thread 1 ] DEBUG PhysicsWorld         - Physics world initialized: appHeight=600, physics.ppm=50.0
03:29:03.140 [FXGL Background Thread 1 ] DEBUG PhysicsWorld         - Using strategy: BRUTE_FORCE
03:29:03.146 [FXGL Background Thread 1 ] DEBUG GameScene            - Game scene initialized: 800x600
03:29:03.169 [FXGL Background Thread 1 ] DEBUG FXGL.DefaultMenu     - createMenuBodyGameMenu()
03:29:03.202 [FXGL Background Thread 1 ] DEBUG FXGL.DefaultMenu     - createOptionsMenu()
03:29:03.224 [FXGL Background Thread 1 ] DEBUG FXGLAssetLoaderServi - Loading from file system: jar:file:/C:/Users/ASUS/.m2/repository/com/github/almasb/fxgl/17.2/fxgl-17.2.jar!/fxglassets/textures/particles/smoke.png
03:29:03.389 [FXGL Background Thread 1 ] DEBUG FXGLAssetLoaderServi - Loading from file system: jar:file:/C:/Users/ASUS/.m2/repository/com/github/almasb/fxgl/17.2/fxgl-17.2.jar!/fxglassets/textures/particles/trace_horizontal.png
03:29:03.440 [FXGL Background Thread 1 ] DEBUG GameApplicationServi - Application scenes initialized
03:29:03.464 [FXGL Background Thread 1 ] DEBUG SystemBundleService  - Loading FXGL system data
03:29:03.471 [FXGL Background Thread 1 ] DEBUG FileSystemAccess     - Reading from: C:\Users\ASUS\Documents\rain\system\fxgl.bundle
03:29:03.484 [FXGL Background Thread 1 ] DEBUG SystemBundleService  - Bundle FXGL: {}
03:29:03.484 [FXGL Background Thread 1 ] DEBUG UpdaterService       - Checking for updates
03:29:03.493 [FXGL Background Thread 4 ] DEBUG FXGLApplication      - Loading fonts
03:29:03.494 [FXGL Background Thread 1 ] DEBUG FXGLApplication      - Loading default localization
03:29:03.494 [FXGL Background Thread 4 ] DEBUG FXGLAssetLoaderServi - Loading from file system: jar:file:/C:/Users/ASUS/.m2/repository/com/github/almasb/fxgl/17.2/fxgl-17.2.jar!/fxglassets/ui/fonts/VarelaRound-Regular.ttf
03:29:03.494 [FXGL Background Thread 1 ] DEBUG FXGLAssetLoaderServi - Loading from file system: jar:file:/C:/Users/ASUS/.m2/repository/com/github/almasb/fxgl/17.2/fxgl-17.2.jar!/fxglassets/languages/english.lang
03:29:03.530 [FXGL Background Thread 1 ] INFO  FXGLApplication      - FXGL initialization took: 0.765 sec
03:29:03.548 [JavaFX Application Thread] DEBUG Input                - Registered new binding: action0 - Left
03:29:03.549 [JavaFX Application Thread] DEBUG Input                - Registered new binding: action1 - Right
03:29:03.550 [JavaFX Application Thread] DEBUG FXGLAssetLoaderServi - Loading from file system: jar:file:/C:/Users/ASUS/.m2/repository/com/github/almasb/fxgl/17.2/fxgl-17.2.jar!/fxglassets/textures/fxgl_icon.png
03:29:03.564 [FXGL Background Thread 4 ] DEBUG FXGLAssetLoaderServi - Loading from file system: jar:file:/C:/Users/ASUS/.m2/repository/com/github/almasb/fxgl/17.2/fxgl-17.2.jar!/fxglassets/ui/fonts/Abel-Regular.ttf
03:29:03.570 [FXGL Background Thread 4 ] DEBUG FXGLAssetLoaderServi - Loading from file system: jar:file:/C:/Users/ASUS/.m2/repository/com/github/almasb/fxgl/17.2/fxgl-17.2.jar!/fxglassets/ui/fonts/TerminalLandMono-Regular.otf
03:29:03.578 [FXGL Background Thread 4 ] DEBUG FXGLAssetLoaderServi - Loading from file system: jar:file:/C:/Users/ASUS/.m2/repository/com/github/almasb/fxgl/17.2/fxgl-17.2.jar!/fxglassets/ui/fonts/Courier-Prime.ttf
03:29:03.589 [JavaFX Application Thread] DEBUG FXGLAssetLoaderServi - Loading from file system: jar:file:/C:/Users/ASUS/.m2/repository/com/github/almasb/fxgl/17.2/fxgl-17.2.jar!/fxglassets/textures/fxgl_default_cursor.png
03:29:03.594 [JavaFX Application Thread] DEBUG Input                - Registered new binding: Screenshot - CTRL+8
03:29:03.595 [JavaFX Application Thread] DEBUG Input                - Registered new binding: System info dump - CTRL+9
03:29:03.595 [JavaFX Application Thread] DEBUG Input                - Registered new binding: Restart - CTRL+R
03:29:03.596 [JavaFX Application Thread] DEBUG Input                - Registered new binding: Toggle Debug Camera - CTRL+7
03:29:03.600 [JavaFX Application Thread] DEBUG LoopRunner           - Starting loop
03:29:03.600 [JavaFX Application Thread] DEBUG LoopRunner           - Initializing JavaFX AnimationTimerLoop
03:29:03.603 [JavaFX Application Thread] DEBUG GameApplicationServi - Starting new game
03:29:03.604 [JavaFX Application Thread] DEBUG Input                - Clearing active input actions
03:29:03.627 [JavaFX Application Thread] DEBUG GameApplicationServi - Removing overlay from FXGLStartupScene and adding to FXGLLoadingScene
03:29:03.628 [JavaFX Application Thread] DEBUG PrimaryStageWindow   - FXGLStartupScene -> FXGLLoadingScene
03:29:03.628 [JavaFX Application Thread] DEBUG GameApplicationServi - Clearing previous game
03:29:03.628 [JavaFX Application Thread] DEBUG GameScene            - Clearing game scene
03:29:03.628 [JavaFX Application Thread] DEBUG GameWorld            - Clearing game world
03:29:03.629 [JavaFX Application Thread] DEBUG PhysicsWorld         - Clearing physics world
03:29:03.631 [JavaFX Application Thread] DEBUG FXGLApplication      - Registering font factories with UI factory
03:29:03.631 [FXGL Background Thread 4 ] DEBUG FXGLApplication      - Initializing game
03:29:03.635 [FXGL Background Thread 4 ] DEBUG FXGLAssetLoaderServi - Loading from file system: file:/C:/Users/ASUS/Documents/rain/target/classes/assets/textures/bucket.png
03:29:03.709 [FXGL Background Thread 4 ] INFO  FXGLApplication      - Game initialization took: 0.079 sec
03:29:03.818 [JavaFX Application Thread] DEBUG Input                - Clearing active input actions
03:29:03.834 [JavaFX Application Thread] DEBUG GameApplicationServi - Removing overlay from FXGLLoadingScene and adding to GameScene
03:29:03.835 [JavaFX Application Thread] DEBUG PrimaryStageWindow   - FXGLLoadingScene -> GameScene
03:29:04.490 [FXGL Background Thread 2 ] INFO  UpdaterService       - Your current version:  17.2
03:29:04.490 [FXGL Background Thread 2 ] INFO  UpdaterService       - Latest stable version: 21.1
03:29:04.811 [JavaFX Application Thread] DEBUG FXGLAssetLoaderServi - Loading from file system: file:/C:/Users/ASUS/Documents/rain/target/classes/assets/textures/raindrop.png
03:29:06.490 [FXGL Background Thread 3 ] DEBUG Engine               - Logging environment variables
03:29:06.491 [FXGL Background Thread 3 ] DEBUG Engine               - achievements: []
03:29:06.491 [FXGL Background Thread 3 ] DEBUG Engine               - actualHeight: 600.0
03:29:06.491 [FXGL Background Thread 3 ] DEBUG Engine               - actualHeightProperty: ReadOnlyDoubleProperty [value: 600.0]
03:29:06.491 [FXGL Background Thread 3 ] DEBUG Engine               - actualWidth: 800.0
03:29:06.491 [FXGL Background Thread 3 ] DEBUG Engine               - actualWidthProperty: ReadOnlyDoubleProperty [value: 800.0]
03:29:06.491 [FXGL Background Thread 3 ] DEBUG Engine               - appIcon: fxgl_icon.png
03:29:06.491 [FXGL Background Thread 3 ] DEBUG Engine               - applicationMode: DEVELOPER
03:29:06.492 [FXGL Background Thread 3 ] DEBUG Engine               - cSSList: [fxgl_dark.css]
03:29:06.492 [FXGL Background Thread 3 ] DEBUG Engine               - collisionDetectionStrategy: BRUTE_FORCE
03:29:06.493 [FXGL Background Thread 3 ] DEBUG Engine               - configClass: Optional.empty
03:29:06.494 [FXGL Background Thread 3 ] DEBUG Engine               - credits: []
03:29:06.494 [FXGL Background Thread 3 ] DEBUG Engine               - defaultCursor: CursorInfo(imageName=fxgl_default_cursor.png, hotspotX=7.0, hotspotY=6.0)
03:29:06.495 [FXGL Background Thread 3 ] DEBUG Engine               - devBBoxColorProperty: ObjectProperty [value: 0xff0000ff]
03:29:06.495 [FXGL Background Thread 3 ] DEBUG Engine               - devEnableDebugCameraProperty: BooleanProperty [value: false]
03:29:06.495 [FXGL Background Thread 3 ] DEBUG Engine               - devSensorColorProperty: ObjectProperty [value: 0xffff00ff]
03:29:06.495 [FXGL Background Thread 3 ] DEBUG Engine               - devShowBBoxProperty: BooleanProperty [value: false]
03:29:06.495 [FXGL Background Thread 3 ] DEBUG Engine               - devShowPositionProperty: BooleanProperty [value: false]
03:29:06.495 [FXGL Background Thread 3 ] DEBUG Engine               - enabledMenuItems: []
03:29:06.495 [FXGL Background Thread 3 ] DEBUG Engine               - engineServices: [class com.almasb.fxgl.app.services.FXGLAssetLoaderService, class com.almasb.fxgl.app.FXGLApplication$GameApplicationService, class com.almasb.fxgl.app.services.FXGLDialogService, class com.almasb.fxgl.app.services.IOTaskExecutorService, class com.almasb.fxgl.io.FileSystemService, class com.almasb.fxgl.localization.LocalizationService, class com.almasb.fxgl.app.services.SystemBundleService, class com.almasb.fxgl.profile.SaveLoadService, class com.almasb.fxgl.ui.FXGLUIFactoryServiceProvider, class com.almasb.fxgl.ui.FXGLDialogFactoryServiceProvider, class com.almasb.fxgl.audio.AudioPlayer, class com.almasb.fxgl.notification.impl.NotificationServiceProvider, class com.almasb.fxgl.achievement.AchievementService, class com.almasb.fxgl.cutscene.CutsceneService, class com.almasb.fxgl.minigames.MiniGameService, class com.almasb.fxgl.net.NetService, class com.almasb.fxgl.app.services.UpdaterService, class com.almasb.fxgl.dev.DevService]
03:29:06.495 [FXGL Background Thread 3 ] DEBUG Engine               - fontGame: Abel-Regular.ttf
03:29:06.495 [FXGL Background Thread 3 ] DEBUG Engine               - fontMono: TerminalLandMono-Regular.otf
03:29:06.495 [FXGL Background Thread 3 ] DEBUG Engine               - fontText: Courier-Prime.ttf
03:29:06.496 [FXGL Background Thread 3 ] DEBUG Engine               - fontUI: VarelaRound-Regular.ttf
03:29:06.496 [FXGL Background Thread 3 ] DEBUG Engine               - fullScreen: BooleanProperty [value: false]
03:29:06.496 [FXGL Background Thread 3 ] DEBUG Engine               - gameDifficulty: MEDIUM
03:29:06.496 [FXGL Background Thread 3 ] DEBUG Engine               - gameDifficultyProperty: ObjectProperty [value: MEDIUM]
03:29:06.496 [FXGL Background Thread 3 ] DEBUG Engine               - globalMusicVolume: 0.5
03:29:06.496 [FXGL Background Thread 3 ] DEBUG Engine               - globalMusicVolumeProperty: DoubleProperty [value: 0.5]
03:29:06.496 [FXGL Background Thread 3 ] DEBUG Engine               - globalSoundVolume: 0.5
03:29:06.496 [FXGL Background Thread 3 ] DEBUG Engine               - globalSoundVolumeProperty: DoubleProperty [value: 0.5]
03:29:06.496 [FXGL Background Thread 3 ] DEBUG Engine               - height: 600
03:29:06.496 [FXGL Background Thread 3 ] DEBUG Engine               - is3D: false
03:29:06.496 [FXGL Background Thread 3 ] DEBUG Engine               - isAndroid: false
03:29:06.496 [FXGL Background Thread 3 ] DEBUG Engine               - isBrowser: false
03:29:06.497 [FXGL Background Thread 3 ] DEBUG Engine               - isClickFeedbackEnabled: false
03:29:06.497 [FXGL Background Thread 3 ] DEBUG Engine               - isCloseConfirmation: false
03:29:06.497 [FXGL Background Thread 3 ] DEBUG Engine               - isDesktop: true
03:29:06.497 [FXGL Background Thread 3 ] DEBUG Engine               - isDeveloperMenuEnabled: false
03:29:06.497 [FXGL Background Thread 3 ] DEBUG Engine               - isEmbedded: false
03:29:06.498 [FXGL Background Thread 3 ] DEBUG Engine               - isEntityPreloadEnabled: true
03:29:06.498 [FXGL Background Thread 3 ] DEBUG Engine               - isExperimentalTiledLargeMap: false
03:29:06.498 [FXGL Background Thread 3 ] DEBUG Engine               - isFileSystemWriteAllowed: true
03:29:06.498 [FXGL Background Thread 3 ] DEBUG Engine               - isFullScreenAllowed: false
03:29:06.498 [FXGL Background Thread 3 ] DEBUG Engine               - isFullScreenFromStart: false
03:29:06.498 [FXGL Background Thread 3 ] DEBUG Engine               - isGameMenuEnabled: true
03:29:06.498 [FXGL Background Thread 3 ] DEBUG Engine               - isIOS: false
03:29:06.498 [FXGL Background Thread 3 ] DEBUG Engine               - isIntroEnabled: false
03:29:06.498 [FXGL Background Thread 3 ] DEBUG Engine               - isLinux: false
03:29:06.499 [FXGL Background Thread 3 ] DEBUG Engine               - isMac: false
03:29:06.499 [FXGL Background Thread 3 ] DEBUG Engine               - isMainMenuEnabled: false
03:29:06.499 [FXGL Background Thread 3 ] DEBUG Engine               - isManualResizeEnabled: false
03:29:06.499 [FXGL Background Thread 3 ] DEBUG Engine               - isMobile: false
03:29:06.501 [FXGL Background Thread 3 ] DEBUG Engine               - isNative: false
03:29:06.501 [FXGL Background Thread 3 ] DEBUG Engine               - isPauseMusicWhenMinimized: true
03:29:06.501 [FXGL Background Thread 3 ] DEBUG Engine               - isPreserveResizeRatio: false
03:29:06.501 [FXGL Background Thread 3 ] DEBUG Engine               - isProfilingEnabled: false
03:29:06.501 [FXGL Background Thread 3 ] DEBUG Engine               - isScaleAffectedOnResize: true
03:29:06.501 [FXGL Background Thread 3 ] DEBUG Engine               - isSingleStep: false
03:29:06.501 [FXGL Background Thread 3 ] DEBUG Engine               - isUserProfileEnabled: false
03:29:06.501 [FXGL Background Thread 3 ] DEBUG Engine               - isWindows: true
03:29:06.501 [FXGL Background Thread 3 ] DEBUG Engine               - language: ObjectProperty [value: ENGLISH]
03:29:06.501 [FXGL Background Thread 3 ] DEBUG Engine               - menuKey: ESCAPE
03:29:06.501 [FXGL Background Thread 3 ] DEBUG Engine               - mouseSensitivity: 0.2
03:29:06.501 [FXGL Background Thread 3 ] DEBUG Engine               - notificationViewClass: class com.almasb.fxgl.notification.view.XboxNotificationView
03:29:06.501 [FXGL Background Thread 3 ] DEBUG Engine               - pixelsPerMeter: 50.0
03:29:06.501 [FXGL Background Thread 3 ] DEBUG Engine               - platform: WINDOWS
03:29:06.501 [FXGL Background Thread 3 ] DEBUG Engine               - prefHeightProperty: ReadOnlyDoubleProperty [value: 600.0]
03:29:06.502 [FXGL Background Thread 3 ] DEBUG Engine               - prefWidthProperty: ReadOnlyDoubleProperty [value: 800.0]
03:29:06.502 [FXGL Background Thread 3 ] DEBUG Engine               - profileDir: profiles/
03:29:06.502 [FXGL Background Thread 3 ] DEBUG Engine               - profileName: StringProperty [value: DEFAULT]
03:29:06.502 [FXGL Background Thread 3 ] DEBUG Engine               - randomSeed: -1
03:29:06.502 [FXGL Background Thread 3 ] DEBUG Engine               - runtimeInfo: RuntimeInfo(platform=WINDOWS, version=17.2, build=20.08.2022 16.50)
03:29:06.502 [FXGL Background Thread 3 ] DEBUG Engine               - saveFileExt: sav
03:29:06.502 [FXGL Background Thread 3 ] DEBUG Engine               - scaledHeightProp$fxgl: DoubleProperty [bound, value: 600.0]
03:29:06.502 [FXGL Background Thread 3 ] DEBUG Engine               - scaledWidthProp$fxgl: DoubleProperty [bound, value: 800.0]
03:29:06.502 [FXGL Background Thread 3 ] DEBUG Engine               - sceneFactory: com.almasb.fxgl.app.scene.SceneFactory@6cb8ae1a
03:29:06.502 [FXGL Background Thread 3 ] DEBUG Engine               - secondsIn24h: 60
03:29:06.502 [FXGL Background Thread 3 ] DEBUG Engine               - soundMenuBack: menu/back.wav
03:29:06.502 [FXGL Background Thread 3 ] DEBUG Engine               - soundMenuPress: menu/press.wav
03:29:06.503 [FXGL Background Thread 3 ] DEBUG Engine               - soundMenuSelect: menu/select.wav
03:29:06.503 [FXGL Background Thread 3 ] DEBUG Engine               - soundNotification: core/notification.wav
03:29:06.503 [FXGL Background Thread 3 ] DEBUG Engine               - stageStyle: DECORATED
03:29:06.503 [FXGL Background Thread 3 ] DEBUG Engine               - supportedLanguages: [ENGLISH, FRENCH, GERMAN, HUNGARIAN, RUSSIAN]
03:29:06.503 [FXGL Background Thread 3 ] DEBUG Engine               - ticksPerSecond: -1
03:29:06.503 [FXGL Background Thread 3 ] DEBUG Engine               - title: RainDrop Game
03:29:06.503 [FXGL Background Thread 3 ] DEBUG Engine               - urlGithub: https://github.com/AlmasB/FXGL
03:29:06.503 [FXGL Background Thread 3 ] DEBUG Engine               - urlLeaderboard: http://fxgl-top.herokuapp.com/
03:29:06.503 [FXGL Background Thread 3 ] DEBUG Engine               - urlPOM: https://raw.githubusercontent.com/AlmasB/FXGL/release/README.md
03:29:06.503 [FXGL Background Thread 3 ] DEBUG Engine               - userAppClass: class raindrop.game.RainDrop
03:29:06.503 [FXGL Background Thread 3 ] DEBUG Engine               - version: 1.0
03:29:06.503 [FXGL Background Thread 3 ] DEBUG Engine               - versionCheckDays: 7
03:29:06.503 [FXGL Background Thread 3 ] DEBUG Engine               - width: 800
03:29:06.504 [FXGL Background Thread 3 ] DEBUG Engine               - Logging services
03:29:06.504 [FXGL Background Thread 3 ] DEBUG Engine               - class com.almasb.fxgl.app.services.FXGLAssetLoaderService
03:29:06.504 [FXGL Background Thread 3 ] DEBUG Engine               - class com.almasb.fxgl.app.FXGLApplication$GameApplicationService
03:29:06.504 [FXGL Background Thread 3 ] DEBUG Engine               - class com.almasb.fxgl.app.services.FXGLDialogService
03:29:06.504 [FXGL Background Thread 3 ] DEBUG Engine               - class com.almasb.fxgl.app.services.IOTaskExecutorService
03:29:06.504 [FXGL Background Thread 3 ] DEBUG Engine               - class com.almasb.fxgl.io.FileSystemService
03:29:06.504 [FXGL Background Thread 3 ] DEBUG Engine               - class com.almasb.fxgl.localization.LocalizationService
03:29:06.504 [FXGL Background Thread 3 ] DEBUG Engine               - class com.almasb.fxgl.app.services.SystemBundleService
03:29:06.504 [FXGL Background Thread 3 ] DEBUG Engine               - class com.almasb.fxgl.profile.SaveLoadService
03:29:06.504 [FXGL Background Thread 3 ] DEBUG Engine               - class com.almasb.fxgl.ui.FXGLUIFactoryServiceProvider
03:29:06.504 [FXGL Background Thread 3 ] DEBUG Engine               - class com.almasb.fxgl.ui.FXGLDialogFactoryServiceProvider
03:29:06.504 [FXGL Background Thread 3 ] DEBUG Engine               - class com.almasb.fxgl.audio.AudioPlayer
03:29:06.504 [FXGL Background Thread 3 ] DEBUG Engine               - class com.almasb.fxgl.notification.impl.NotificationServiceProvider
03:29:06.504 [FXGL Background Thread 3 ] DEBUG Engine               - class com.almasb.fxgl.achievement.AchievementService
03:29:06.504 [FXGL Background Thread 3 ] DEBUG Engine               - class com.almasb.fxgl.cutscene.CutsceneService
03:29:06.504 [FXGL Background Thread 3 ] DEBUG Engine               - class com.almasb.fxgl.minigames.MiniGameService
03:29:06.504 [FXGL Background Thread 3 ] DEBUG Engine               - class com.almasb.fxgl.net.NetService
03:29:06.504 [FXGL Background Thread 3 ] DEBUG Engine               - class com.almasb.fxgl.app.services.UpdaterService
03:29:06.504 [FXGL Background Thread 3 ] DEBUG Engine               - class com.almasb.fxgl.dev.DevService
03:29:07.191 [JavaFX Application Thread] DEBUG EventBus             - Firing event: raindrop.game.DropMissedEvent[source=javafx.event.Event$$Lambda/0x000000001011adf0@7b122330]
03:29:08.068 [JavaFX Application Thread] DEBUG EventBus             - Firing event: raindrop.game.DropMissedEvent[source=javafx.event.Event$$Lambda/0x000000001011adf0@7b122330]
03:29:08.965 [JavaFX Application Thread] DEBUG EventBus             - Firing event: raindrop.game.DropMissedEvent[source=javafx.event.Event$$Lambda/0x000000001011adf0@7b122330]
03:29:09.890 [JavaFX Application Thread] DEBUG EventBus             - Firing event: raindrop.game.DropMissedEvent[source=javafx.event.Event$$Lambda/0x000000001011adf0@7b122330]
03:29:10.899 [JavaFX Application Thread] DEBUG EventBus             - Firing event: raindrop.game.DropMissedEvent[source=javafx.event.Event$$Lambda/0x000000001011adf0@7b122330]
03:29:11.770 [JavaFX Application Thread] DEBUG EventBus             - Firing event: raindrop.game.DropMissedEvent[source=javafx.event.Event$$Lambda/0x000000001011adf0@7b122330]
03:29:12.681 [JavaFX Application Thread] DEBUG EventBus             - Firing event: raindrop.game.DropMissedEvent[source=javafx.event.Event$$Lambda/0x000000001011adf0@7b122330]
03:29:15.474 [JavaFX Application Thread] DEBUG EventBus             - Firing event: raindrop.game.DropMissedEvent[source=javafx.event.Event$$Lambda/0x000000001011adf0@7b122330]
03:29:16.426 [JavaFX Application Thread] DEBUG EventBus             - Firing event: raindrop.game.DropMissedEvent[source=javafx.event.Event$$Lambda/0x000000001011adf0@7b122330]
03:29:17.381 [JavaFX Application Thread] DEBUG EventBus             - Firing event: raindrop.game.DropMissedEvent[source=javafx.event.Event$$Lambda/0x000000001011adf0@7b122330]
03:29:22.213 [JavaFX Application Thread] DEBUG EventBus             - Firing event: raindrop.game.DropMissedEvent[source=javafx.event.Event$$Lambda/0x000000001011adf0@7b122330]
03:29:23.178 [JavaFX Application Thread] DEBUG EventBus             - Firing event: raindrop.game.DropMissedEvent[source=javafx.event.Event$$Lambda/0x000000001011adf0@7b122330]
03:29:24.154 [JavaFX Application Thread] DEBUG EventBus             - Firing event: raindrop.game.DropMissedEvent[source=javafx.event.Event$$Lambda/0x000000001011adf0@7b122330]
03:29:25.115 [JavaFX Application Thread] DEBUG EventBus             - Firing event: raindrop.game.DropMissedEvent[source=javafx.event.Event$$Lambda/0x000000001011adf0@7b122330]
03:29:26.090 [JavaFX Application Thread] DEBUG EventBus             - Firing event: raindrop.game.DropMissedEvent[source=javafx.event.Event$$Lambda/0x000000001011adf0@7b122330]
03:29:27.066 [JavaFX Application Thread] DEBUG EventBus             - Firing event: raindrop.game.DropMissedEvent[source=javafx.event.Event$$Lambda/0x000000001011adf0@7b122330]
03:29:28.038 [JavaFX Application Thread] DEBUG EventBus             - Firing event: raindrop.game.DropMissedEvent[source=javafx.event.Event$$Lambda/0x000000001011adf0@7b122330]
03:29:29.989 [JavaFX Application Thread] DEBUG EventBus             - Firing event: raindrop.game.DropMissedEvent[source=javafx.event.Event$$Lambda/0x000000001011adf0@7b122330]
03:29:30.963 [JavaFX Application Thread] DEBUG EventBus             - Firing event: raindrop.game.DropMissedEvent[source=javafx.event.Event$$Lambda/0x000000001011adf0@7b122330]
03:29:32.031 [JavaFX Application Thread] DEBUG PrimaryStageWindow   - Push state: DialogSubScene
03:29:32.031 [JavaFX Application Thread] DEBUG Input                - Clearing active input actions
03:29:32.038 [JavaFX Application Thread] DEBUG GameApplicationServi - Removing overlay from GameScene and adding to DialogSubScene
03:29:32.039 [JavaFX Application Thread] DEBUG PrimaryStageWindow   - GameScene -> DialogSubScene
03:29:34.536 [JavaFX Application Thread] DEBUG FXGLApplication      - Exiting FXGL
03:29:34.536 [JavaFX Application Thread] DEBUG LoopRunner           - Stopping loop
03:29:34.536 [JavaFX Application Thread] DEBUG SystemBundleService  - Saving FXGL system data
03:29:34.539 [JavaFX Application Thread] DEBUG FileSystemAccess     - Writing to: C:\Users\ASUS\Documents\rain\system\fxgl.bundle
03:29:34.541 [JavaFX Application Thread] DEBUG Async                - Shutting down background threads
03:29:34.542 [JavaFX Application Thread] DEBUG PrimaryStageWindow   - Closing main window
03:29:34.574 [JavaFX Application Thread] DEBUG Logger               - Closing Logger
