02:08:39.632 [main                     ] DEBUG Logger               - Configured Logger
02:08:39.644 [main                     ] DEBUG GameApplication      - Logging settings
Title: RainDrop Game
Version: 1.0
Width: 800
Height: 600
Fullscreen: false
Intro: false
Profiling: false
Single step:false
App Mode: DEVELOPER
Menu Key: ESCAPE
Stage Style: DECORATED
Scene Factory: class com.almasb.fxgl.app.scene.SceneFactory

02:08:40.290 [JavaFX Application Thread] DEBUG FXGLApplication      - Initializing FXGL
02:08:40.295 [JavaFX Application Thread] INFO  Engine               - FXGL-17.2 (20.08.2022 16.50) on WINDOWS (J:25.0.1 FX:17.0.9)
02:08:40.295 [JavaFX Application Thread] DEBUG Engine               - JRE Vendor Name: Oracle Corporation
02:08:40.295 [JavaFX Application Thread] DEBUG Engine               - Running on OS: Windows 11 version 10.0
02:08:40.295 [JavaFX Application Thread] DEBUG Engine               - Architecture: amd64
02:08:40.295 [JavaFX Application Thread] INFO  Engine               - Source code and latest versions at: https://github.com/AlmasB/FXGL
02:08:40.295 [JavaFX Application Thread] INFO  Engine               -       Ask questions and discuss at: https://github.com/AlmasB/FXGL/discussions
02:08:40.296 [JavaFX Application Thread] INFO  Engine               -              Join the FXGL chat at: https://gitter.im/AlmasB/FXGL
02:08:40.460 [JavaFX Application Thread] DEBUG PrimaryStageWindow   - Creating a JavaFX scene
02:08:40.535 [JavaFX Application Thread] DEBUG PrimaryStageWindow   - Target settings size: 800.0 x 600.0
02:08:40.535 [JavaFX Application Thread] DEBUG PrimaryStageWindow   - Scaled scene size:    800.0 x 600.0
02:08:40.535 [JavaFX Application Thread] DEBUG PrimaryStageWindow   - Scaled ratio: (1.0, 1.0)
02:08:40.536 [JavaFX Application Thread] DEBUG PrimaryStageWindow   - Set initial scene to FXGLStartupScene
02:08:40.547 [JavaFX Application Thread] DEBUG PrimaryStageWindow   - Opening main window
02:08:40.685 [JavaFX Application Thread] DEBUG PrimaryStageWindow   - Window border size: (14.66668701171875, 37.33331298828125)
02:08:40.686 [JavaFX Application Thread] DEBUG PrimaryStageWindow   - Scaled size: 800.0 x 600.0
02:08:40.686 [JavaFX Application Thread] DEBUG PrimaryStageWindow   - Scaled ratio: (1.0, 1.0)
02:08:40.686 [JavaFX Application Thread] DEBUG PrimaryStageWindow   - Scene size: 800.0 x 600.0
02:08:40.687 [JavaFX Application Thread] DEBUG PrimaryStageWindow   - Stage size: 814.6666870117188 x 637.3333129882812
02:08:40.703 [FXGL Background Thread 1 ] DEBUG Engine               - Initializing environment variables
02:08:40.789 [FXGL Background Thread 1 ] DEBUG FXGLAssetLoaderServi - User app class for loading assets: class raindrop.game.RainDrop
02:08:40.789 [FXGL Background Thread 1 ] DEBUG GameApplicationServi - Applying CSS: fxgl_dark.css
02:08:40.791 [FXGL Background Thread 1 ] DEBUG FXGLAssetLoaderServi - Loading from file system: jar:file:/C:/Users/ASUS/.m2/repository/com/github/almasb/fxgl/17.2/fxgl-17.2.jar!/fxglassets/ui/css/fxgl_dark.css
02:08:40.837 [FXGL Background Thread 1 ] DEBUG GameApplicationServi - Initializing application scenes
02:08:40.872 [FXGL Background Thread 1 ] DEBUG GameWorld            - Game world initialized
02:08:40.929 [FXGL Background Thread 1 ] DEBUG PhysicsWorld         - Physics world initialized: appHeight=600, physics.ppm=50.0
02:08:40.930 [FXGL Background Thread 1 ] DEBUG PhysicsWorld         - Using strategy: BRUTE_FORCE
02:08:40.933 [FXGL Background Thread 1 ] DEBUG GameScene            - Game scene initialized: 800x600
02:08:40.946 [FXGL Background Thread 1 ] DEBUG FXGL.DefaultMenu     - createMenuBodyGameMenu()
02:08:40.964 [FXGL Background Thread 1 ] DEBUG FXGL.DefaultMenu     - createOptionsMenu()
02:08:40.978 [FXGL Background Thread 1 ] DEBUG FXGLAssetLoaderServi - Loading from file system: jar:file:/C:/Users/ASUS/.m2/repository/com/github/almasb/fxgl/17.2/fxgl-17.2.jar!/fxglassets/textures/particles/smoke.png
02:08:41.064 [FXGL Background Thread 1 ] DEBUG FXGLAssetLoaderServi - Loading from file system: jar:file:/C:/Users/ASUS/.m2/repository/com/github/almasb/fxgl/17.2/fxgl-17.2.jar!/fxglassets/textures/particles/trace_horizontal.png
02:08:41.097 [FXGL Background Thread 1 ] DEBUG GameApplicationServi - Application scenes initialized
02:08:41.115 [FXGL Background Thread 1 ] DEBUG SystemBundleService  - Loading default FXGL system data
02:08:41.115 [FXGL Background Thread 1 ] DEBUG UpdaterService       - Checking for updates
02:08:41.119 [FXGL Background Thread 4 ] DEBUG FXGLApplication      - Loading fonts
02:08:41.119 [FXGL Background Thread 1 ] DEBUG FXGLApplication      - Loading default localization
02:08:41.119 [FXGL Background Thread 4 ] DEBUG FXGLAssetLoaderServi - Loading from file system: jar:file:/C:/Users/ASUS/.m2/repository/com/github/almasb/fxgl/17.2/fxgl-17.2.jar!/fxglassets/ui/fonts/VarelaRound-Regular.ttf
02:08:41.121 [FXGL Background Thread 1 ] DEBUG FXGLAssetLoaderServi - Loading from file system: jar:file:/C:/Users/ASUS/.m2/repository/com/github/almasb/fxgl/17.2/fxgl-17.2.jar!/fxglassets/languages/english.lang
02:08:41.136 [FXGL Background Thread 1 ] INFO  FXGLApplication      - FXGL initialization took: 0.433 sec
02:08:41.148 [JavaFX Application Thread] DEBUG Input                - Registered new binding: action0 - Left
02:08:41.148 [JavaFX Application Thread] DEBUG Input                - Registered new binding: action1 - Right
02:08:41.149 [JavaFX Application Thread] DEBUG FXGLAssetLoaderServi - Loading from file system: jar:file:/C:/Users/ASUS/.m2/repository/com/github/almasb/fxgl/17.2/fxgl-17.2.jar!/fxglassets/textures/fxgl_icon.png
02:08:41.160 [FXGL Background Thread 4 ] DEBUG FXGLAssetLoaderServi - Loading from file system: jar:file:/C:/Users/ASUS/.m2/repository/com/github/almasb/fxgl/17.2/fxgl-17.2.jar!/fxglassets/ui/fonts/Abel-Regular.ttf
02:08:41.166 [FXGL Background Thread 4 ] DEBUG FXGLAssetLoaderServi - Loading from file system: jar:file:/C:/Users/ASUS/.m2/repository/com/github/almasb/fxgl/17.2/fxgl-17.2.jar!/fxglassets/ui/fonts/TerminalLandMono-Regular.otf
02:08:41.170 [FXGL Background Thread 4 ] DEBUG FXGLAssetLoaderServi - Loading from file system: jar:file:/C:/Users/ASUS/.m2/repository/com/github/almasb/fxgl/17.2/fxgl-17.2.jar!/fxglassets/ui/fonts/Courier-Prime.ttf
02:08:41.171 [JavaFX Application Thread] DEBUG FXGLAssetLoaderServi - Loading from file system: jar:file:/C:/Users/ASUS/.m2/repository/com/github/almasb/fxgl/17.2/fxgl-17.2.jar!/fxglassets/textures/fxgl_default_cursor.png
02:08:41.173 [JavaFX Application Thread] DEBUG Input                - Registered new binding: Screenshot - CTRL+8
02:08:41.174 [JavaFX Application Thread] DEBUG Input                - Registered new binding: System info dump - CTRL+9
02:08:41.174 [JavaFX Application Thread] DEBUG Input                - Registered new binding: Restart - CTRL+R
02:08:41.175 [JavaFX Application Thread] DEBUG Input                - Registered new binding: Toggle Debug Camera - CTRL+7
02:08:41.177 [JavaFX Application Thread] DEBUG LoopRunner           - Starting loop
02:08:41.177 [JavaFX Application Thread] DEBUG LoopRunner           - Initializing JavaFX AnimationTimerLoop
02:08:41.178 [JavaFX Application Thread] DEBUG GameApplicationServi - Starting new game
02:08:41.179 [JavaFX Application Thread] DEBUG Input                - Clearing active input actions
02:08:41.192 [JavaFX Application Thread] DEBUG GameApplicationServi - Removing overlay from FXGLStartupScene and adding to FXGLLoadingScene
02:08:41.192 [JavaFX Application Thread] DEBUG PrimaryStageWindow   - FXGLStartupScene -> FXGLLoadingScene
02:08:41.192 [JavaFX Application Thread] DEBUG GameApplicationServi - Clearing previous game
02:08:41.192 [JavaFX Application Thread] DEBUG GameScene            - Clearing game scene
02:08:41.192 [JavaFX Application Thread] DEBUG GameWorld            - Clearing game world
02:08:41.193 [JavaFX Application Thread] DEBUG PhysicsWorld         - Clearing physics world
02:08:41.194 [FXGL Background Thread 4 ] DEBUG FXGLApplication      - Initializing game
02:08:41.194 [JavaFX Application Thread] DEBUG FXGLApplication      - Registering font factories with UI factory
02:08:41.198 [FXGL Background Thread 4 ] DEBUG FXGLAssetLoaderServi - Loading from file system: file:/C:/Users/ASUS/Documents/hell2.0-score-deduct-and-game-loss/target/classes/assets/textures/background.jpg
02:08:41.266 [FXGL Background Thread 4 ] DEBUG FXGLAssetLoaderServi - Loading from file system: file:/C:/Users/ASUS/Documents/hell2.0-score-deduct-and-game-loss/target/classes/assets/textures/bucket.png
02:08:41.305 [FXGL Background Thread 4 ] INFO  FXGLApplication      - Game initialization took: 0.110 sec
02:08:41.306 [JavaFX Application Thread] DEBUG Input                - Clearing active input actions
02:08:41.315 [JavaFX Application Thread] DEBUG GameApplicationServi - Removing overlay from FXGLLoadingScene and adding to GameScene
02:08:41.315 [JavaFX Application Thread] DEBUG PrimaryStageWindow   - FXGLLoadingScene -> GameScene
02:08:41.677 [FXGL Background Thread 2 ] INFO  UpdaterService       - Your current version:  17.2
02:08:41.677 [FXGL Background Thread 2 ] INFO  UpdaterService       - Latest stable version: 21.1
02:08:42.257 [JavaFX Application Thread] DEBUG FXGLAssetLoaderServi - Loading from file system: file:/C:/Users/ASUS/Documents/hell2.0-score-deduct-and-game-loss/target/classes/assets/textures/raindrop.png
02:08:44.118 [FXGL Background Thread 3 ] DEBUG Engine               - Logging environment variables
02:08:44.119 [FXGL Background Thread 3 ] DEBUG Engine               - achievements: []
02:08:44.119 [FXGL Background Thread 3 ] DEBUG Engine               - actualHeight: 600.0
02:08:44.119 [FXGL Background Thread 3 ] DEBUG Engine               - actualHeightProperty: ReadOnlyDoubleProperty [value: 600.0]
02:08:44.119 [FXGL Background Thread 3 ] DEBUG Engine               - actualWidth: 800.0
02:08:44.119 [FXGL Background Thread 3 ] DEBUG Engine               - actualWidthProperty: ReadOnlyDoubleProperty [value: 800.0]
02:08:44.119 [FXGL Background Thread 3 ] DEBUG Engine               - appIcon: fxgl_icon.png
02:08:44.120 [FXGL Background Thread 3 ] DEBUG Engine               - applicationMode: DEVELOPER
02:08:44.120 [FXGL Background Thread 3 ] DEBUG Engine               - cSSList: [fxgl_dark.css]
02:08:44.120 [FXGL Background Thread 3 ] DEBUG Engine               - collisionDetectionStrategy: BRUTE_FORCE
02:08:44.120 [FXGL Background Thread 3 ] DEBUG Engine               - configClass: Optional.empty
02:08:44.120 [FXGL Background Thread 3 ] DEBUG Engine               - credits: []
02:08:44.121 [FXGL Background Thread 3 ] DEBUG Engine               - defaultCursor: CursorInfo(imageName=fxgl_default_cursor.png, hotspotX=7.0, hotspotY=6.0)
02:08:44.121 [FXGL Background Thread 3 ] DEBUG Engine               - devBBoxColorProperty: ObjectProperty [value: 0xff0000ff]
02:08:44.121 [FXGL Background Thread 3 ] DEBUG Engine               - devEnableDebugCameraProperty: BooleanProperty [value: false]
02:08:44.121 [FXGL Background Thread 3 ] DEBUG Engine               - devSensorColorProperty: ObjectProperty [value: 0xffff00ff]
02:08:44.121 [FXGL Background Thread 3 ] DEBUG Engine               - devShowBBoxProperty: BooleanProperty [value: false]
02:08:44.121 [FXGL Background Thread 3 ] DEBUG Engine               - devShowPositionProperty: BooleanProperty [value: false]
02:08:44.121 [FXGL Background Thread 3 ] DEBUG Engine               - enabledMenuItems: []
02:08:44.122 [FXGL Background Thread 3 ] DEBUG Engine               - engineServices: [class com.almasb.fxgl.app.services.FXGLAssetLoaderService, class com.almasb.fxgl.app.FXGLApplication$GameApplicationService, class com.almasb.fxgl.app.services.FXGLDialogService, class com.almasb.fxgl.app.services.IOTaskExecutorService, class com.almasb.fxgl.io.FileSystemService, class com.almasb.fxgl.localization.LocalizationService, class com.almasb.fxgl.app.services.SystemBundleService, class com.almasb.fxgl.profile.SaveLoadService, class com.almasb.fxgl.ui.FXGLUIFactoryServiceProvider, class com.almasb.fxgl.ui.FXGLDialogFactoryServiceProvider, class com.almasb.fxgl.audio.AudioPlayer, class com.almasb.fxgl.notification.impl.NotificationServiceProvider, class com.almasb.fxgl.achievement.AchievementService, class com.almasb.fxgl.cutscene.CutsceneService, class com.almasb.fxgl.minigames.MiniGameService, class com.almasb.fxgl.net.NetService, class com.almasb.fxgl.app.services.UpdaterService, class com.almasb.fxgl.dev.DevService]
02:08:44.122 [FXGL Background Thread 3 ] DEBUG Engine               - fontGame: Abel-Regular.ttf
02:08:44.122 [FXGL Background Thread 3 ] DEBUG Engine               - fontMono: TerminalLandMono-Regular.otf
02:08:44.122 [FXGL Background Thread 3 ] DEBUG Engine               - fontText: Courier-Prime.ttf
02:08:44.122 [FXGL Background Thread 3 ] DEBUG Engine               - fontUI: VarelaRound-Regular.ttf
02:08:44.122 [FXGL Background Thread 3 ] DEBUG Engine               - fullScreen: BooleanProperty [value: false]
02:08:44.122 [FXGL Background Thread 3 ] DEBUG Engine               - gameDifficulty: MEDIUM
02:08:44.122 [FXGL Background Thread 3 ] DEBUG Engine               - gameDifficultyProperty: ObjectProperty [value: MEDIUM]
02:08:44.122 [FXGL Background Thread 3 ] DEBUG Engine               - globalMusicVolume: 0.5
02:08:44.122 [FXGL Background Thread 3 ] DEBUG Engine               - globalMusicVolumeProperty: DoubleProperty [value: 0.5]
02:08:44.122 [FXGL Background Thread 3 ] DEBUG Engine               - globalSoundVolume: 0.5
02:08:44.122 [FXGL Background Thread 3 ] DEBUG Engine               - globalSoundVolumeProperty: DoubleProperty [value: 0.5]
02:08:44.122 [FXGL Background Thread 3 ] DEBUG Engine               - height: 600
02:08:44.122 [FXGL Background Thread 3 ] DEBUG Engine               - is3D: false
02:08:44.122 [FXGL Background Thread 3 ] DEBUG Engine               - isAndroid: false
02:08:44.122 [FXGL Background Thread 3 ] DEBUG Engine               - isBrowser: false
02:08:44.122 [FXGL Background Thread 3 ] DEBUG Engine               - isClickFeedbackEnabled: false
02:08:44.122 [FXGL Background Thread 3 ] DEBUG Engine               - isCloseConfirmation: false
02:08:44.122 [FXGL Background Thread 3 ] DEBUG Engine               - isDesktop: true
02:08:44.124 [FXGL Background Thread 3 ] DEBUG Engine               - isDeveloperMenuEnabled: false
02:08:44.124 [FXGL Background Thread 3 ] DEBUG Engine               - isEmbedded: false
02:08:44.124 [FXGL Background Thread 3 ] DEBUG Engine               - isEntityPreloadEnabled: true
02:08:44.124 [FXGL Background Thread 3 ] DEBUG Engine               - isExperimentalTiledLargeMap: false
02:08:44.124 [FXGL Background Thread 3 ] DEBUG Engine               - isFileSystemWriteAllowed: true
02:08:44.124 [FXGL Background Thread 3 ] DEBUG Engine               - isFullScreenAllowed: false
02:08:44.124 [FXGL Background Thread 3 ] DEBUG Engine               - isFullScreenFromStart: false
02:08:44.124 [FXGL Background Thread 3 ] DEBUG Engine               - isGameMenuEnabled: true
02:08:44.124 [FXGL Background Thread 3 ] DEBUG Engine               - isIOS: false
02:08:44.124 [FXGL Background Thread 3 ] DEBUG Engine               - isIntroEnabled: false
02:08:44.124 [FXGL Background Thread 3 ] DEBUG Engine               - isLinux: false
02:08:44.124 [FXGL Background Thread 3 ] DEBUG Engine               - isMac: false
02:08:44.124 [FXGL Background Thread 3 ] DEBUG Engine               - isMainMenuEnabled: false
02:08:44.124 [FXGL Background Thread 3 ] DEBUG Engine               - isManualResizeEnabled: false
02:08:44.124 [FXGL Background Thread 3 ] DEBUG Engine               - isMobile: false
02:08:44.125 [FXGL Background Thread 3 ] DEBUG Engine               - isNative: false
02:08:44.125 [FXGL Background Thread 3 ] DEBUG Engine               - isPauseMusicWhenMinimized: true
02:08:44.125 [FXGL Background Thread 3 ] DEBUG Engine               - isPreserveResizeRatio: false
02:08:44.125 [FXGL Background Thread 3 ] DEBUG Engine               - isProfilingEnabled: false
02:08:44.125 [FXGL Background Thread 3 ] DEBUG Engine               - isScaleAffectedOnResize: true
02:08:44.125 [FXGL Background Thread 3 ] DEBUG Engine               - isSingleStep: false
02:08:44.125 [FXGL Background Thread 3 ] DEBUG Engine               - isUserProfileEnabled: false
02:08:44.125 [FXGL Background Thread 3 ] DEBUG Engine               - isWindows: true
02:08:44.125 [FXGL Background Thread 3 ] DEBUG Engine               - language: ObjectProperty [value: ENGLISH]
02:08:44.125 [FXGL Background Thread 3 ] DEBUG Engine               - menuKey: ESCAPE
02:08:44.125 [FXGL Background Thread 3 ] DEBUG Engine               - mouseSensitivity: 0.2
02:08:44.125 [FXGL Background Thread 3 ] DEBUG Engine               - notificationViewClass: class com.almasb.fxgl.notification.view.XboxNotificationView
02:08:44.125 [FXGL Background Thread 3 ] DEBUG Engine               - pixelsPerMeter: 50.0
02:08:44.125 [FXGL Background Thread 3 ] DEBUG Engine               - platform: WINDOWS
02:08:44.125 [FXGL Background Thread 3 ] DEBUG Engine               - prefHeightProperty: ReadOnlyDoubleProperty [value: 600.0]
02:08:44.125 [FXGL Background Thread 3 ] DEBUG Engine               - prefWidthProperty: ReadOnlyDoubleProperty [value: 800.0]
02:08:44.126 [FXGL Background Thread 3 ] DEBUG Engine               - profileDir: profiles/
02:08:44.126 [FXGL Background Thread 3 ] DEBUG Engine               - profileName: StringProperty [value: DEFAULT]
02:08:44.126 [FXGL Background Thread 3 ] DEBUG Engine               - randomSeed: -1
02:08:44.126 [FXGL Background Thread 3 ] DEBUG Engine               - runtimeInfo: RuntimeInfo(platform=WINDOWS, version=17.2, build=20.08.2022 16.50)
02:08:44.126 [FXGL Background Thread 3 ] DEBUG Engine               - saveFileExt: sav
02:08:44.126 [FXGL Background Thread 3 ] DEBUG Engine               - scaledHeightProp$fxgl: DoubleProperty [bound, value: 600.0]
02:08:44.126 [FXGL Background Thread 3 ] DEBUG Engine               - scaledWidthProp$fxgl: DoubleProperty [bound, value: 800.0]
02:08:44.126 [FXGL Background Thread 3 ] DEBUG Engine               - sceneFactory: com.almasb.fxgl.app.scene.SceneFactory@472a0203
02:08:44.126 [FXGL Background Thread 3 ] DEBUG Engine               - secondsIn24h: 60
02:08:44.126 [FXGL Background Thread 3 ] DEBUG Engine               - soundMenuBack: menu/back.wav
02:08:44.126 [FXGL Background Thread 3 ] DEBUG Engine               - soundMenuPress: menu/press.wav
02:08:44.127 [FXGL Background Thread 3 ] DEBUG Engine               - soundMenuSelect: menu/select.wav
02:08:44.127 [FXGL Background Thread 3 ] DEBUG Engine               - soundNotification: core/notification.wav
02:08:44.127 [FXGL Background Thread 3 ] DEBUG Engine               - stageStyle: DECORATED
02:08:44.127 [FXGL Background Thread 3 ] DEBUG Engine               - supportedLanguages: [ENGLISH, FRENCH, GERMAN, HUNGARIAN, RUSSIAN]
02:08:44.127 [FXGL Background Thread 3 ] DEBUG Engine               - ticksPerSecond: -1
02:08:44.127 [FXGL Background Thread 3 ] DEBUG Engine               - title: RainDrop Game
02:08:44.127 [FXGL Background Thread 3 ] DEBUG Engine               - urlGithub: https://github.com/AlmasB/FXGL
02:08:44.127 [FXGL Background Thread 3 ] DEBUG Engine               - urlLeaderboard: http://fxgl-top.herokuapp.com/
02:08:44.127 [FXGL Background Thread 3 ] DEBUG Engine               - urlPOM: https://raw.githubusercontent.com/AlmasB/FXGL/release/README.md
02:08:44.127 [FXGL Background Thread 3 ] DEBUG Engine               - userAppClass: class raindrop.game.RainDrop
02:08:44.127 [FXGL Background Thread 3 ] DEBUG Engine               - version: 1.0
02:08:44.127 [FXGL Background Thread 3 ] DEBUG Engine               - versionCheckDays: 7
02:08:44.127 [FXGL Background Thread 3 ] DEBUG Engine               - width: 800
02:08:44.127 [FXGL Background Thread 3 ] DEBUG Engine               - Logging services
02:08:44.127 [FXGL Background Thread 3 ] DEBUG Engine               - class com.almasb.fxgl.app.services.FXGLAssetLoaderService
02:08:44.127 [FXGL Background Thread 3 ] DEBUG Engine               - class com.almasb.fxgl.app.FXGLApplication$GameApplicationService
02:08:44.127 [FXGL Background Thread 3 ] DEBUG Engine               - class com.almasb.fxgl.app.services.FXGLDialogService
02:08:44.127 [FXGL Background Thread 3 ] DEBUG Engine               - class com.almasb.fxgl.app.services.IOTaskExecutorService
02:08:44.127 [FXGL Background Thread 3 ] DEBUG Engine               - class com.almasb.fxgl.io.FileSystemService
02:08:44.127 [FXGL Background Thread 3 ] DEBUG Engine               - class com.almasb.fxgl.localization.LocalizationService
02:08:44.127 [FXGL Background Thread 3 ] DEBUG Engine               - class com.almasb.fxgl.app.services.SystemBundleService
02:08:44.127 [FXGL Background Thread 3 ] DEBUG Engine               - class com.almasb.fxgl.profile.SaveLoadService
02:08:44.127 [FXGL Background Thread 3 ] DEBUG Engine               - class com.almasb.fxgl.ui.FXGLUIFactoryServiceProvider
02:08:44.127 [FXGL Background Thread 3 ] DEBUG Engine               - class com.almasb.fxgl.ui.FXGLDialogFactoryServiceProvider
02:08:44.127 [FXGL Background Thread 3 ] DEBUG Engine               - class com.almasb.fxgl.audio.AudioPlayer
02:08:44.127 [FXGL Background Thread 3 ] DEBUG Engine               - class com.almasb.fxgl.notification.impl.NotificationServiceProvider
02:08:44.127 [FXGL Background Thread 3 ] DEBUG Engine               - class com.almasb.fxgl.achievement.AchievementService
02:08:44.127 [FXGL Background Thread 3 ] DEBUG Engine               - class com.almasb.fxgl.cutscene.CutsceneService
02:08:44.127 [FXGL Background Thread 3 ] DEBUG Engine               - class com.almasb.fxgl.minigames.MiniGameService
02:08:44.127 [FXGL Background Thread 3 ] DEBUG Engine               - class com.almasb.fxgl.net.NetService
02:08:44.127 [FXGL Background Thread 3 ] DEBUG Engine               - class com.almasb.fxgl.app.services.UpdaterService
02:08:44.127 [FXGL Background Thread 3 ] DEBUG Engine               - class com.almasb.fxgl.dev.DevService
02:08:45.437 [JavaFX Application Thread] DEBUG EventBus             - Firing event: raindrop.game.DropMissedEvent[source=javafx.event.Event$$Lambda/0x000000000a11a540@188409cc]
02:08:46.570 [JavaFX Application Thread] DEBUG EventBus             - Firing event: raindrop.game.DropMissedEvent[source=javafx.event.Event$$Lambda/0x000000000a11a540@188409cc]
02:08:47.502 [JavaFX Application Thread] DEBUG EventBus             - Firing event: raindrop.game.DropMissedEvent[source=javafx.event.Event$$Lambda/0x000000000a11a540@188409cc]
02:08:48.351 [JavaFX Application Thread] DEBUG EventBus             - Firing event: raindrop.game.DropMissedEvent[source=javafx.event.Event$$Lambda/0x000000000a11a540@188409cc]
02:08:48.355 [JavaFX Application Thread] DEBUG PrimaryStageWindow   - Push state: DialogSubScene
02:08:48.356 [JavaFX Application Thread] DEBUG Input                - Clearing active input actions
02:08:48.360 [JavaFX Application Thread] DEBUG GameApplicationServi - Removing overlay from GameScene and adding to DialogSubScene
02:08:48.361 [JavaFX Application Thread] DEBUG PrimaryStageWindow   - GameScene -> DialogSubScene
02:08:50.781 [JavaFX Application Thread] DEBUG PrimaryStageWindow   - Pop state: DialogSubScene
02:08:50.781 [JavaFX Application Thread] DEBUG Input                - Clearing active input actions
02:08:50.781 [JavaFX Application Thread] DEBUG GameApplicationServi - Removing overlay from DialogSubScene and adding to GameScene
02:08:50.781 [JavaFX Application Thread] DEBUG PrimaryStageWindow   - GameScene <- DialogSubScene
02:08:50.781 [JavaFX Application Thread] DEBUG FXGLApplication      - Exiting FXGL
02:08:50.781 [JavaFX Application Thread] DEBUG LoopRunner           - Stopping loop
02:08:50.781 [JavaFX Application Thread] DEBUG SystemBundleService  - Saving FXGL system data
02:08:50.786 [JavaFX Application Thread] DEBUG FileSystemAccess     - Writing to: C:\Users\ASUS\Documents\hell2.0-score-deduct-and-game-loss\system\fxgl.bundle
02:08:50.793 [JavaFX Application Thread] DEBUG Async                - Shutting down background threads
02:08:50.795 [JavaFX Application Thread] DEBUG PrimaryStageWindow   - Closing main window
02:08:50.820 [JavaFX Application Thread] DEBUG Logger               - Closing Logger
